{"C:\\Wk_Directory\\SIMAUD_CFG_PROJECT_FRONTEND\\project\\src\\components\\common\\LoadingSpinner.tsx": {"path":"C:\\Wk_Directory\\SIMAUD_CFG_PROJECT_FRONTEND\\project\\src\\components\\common\\LoadingSpinner.tsx","statementMap":{"0":{"start":{"line":9,"column":61},"end":{"line":28,"column":1}},"1":{"start":{"line":13,"column":22},"end":{"line":17,"column":4}},"2":{"start":{"line":19,"column":2},"end":{"line":27,"column":4}}},"fnMap":{"0":{"name":"(anonymous_0)","decl":{"start":{"line":9,"column":61},"end":{"line":9,"column":62}},"loc":{"start":{"line":12,"column":5},"end":{"line":28,"column":1}}}},"branchMap":{"0":{"loc":{"start":{"line":10,"column":2},"end":{"line":10,"column":17}},"type":"default-arg","locations":[{"start":{"line":10,"column":9},"end":{"line":10,"column":17}}]},"1":{"loc":{"start":{"line":11,"column":2},"end":{"line":11,"column":16}},"type":"default-arg","locations":[{"start":{"line":11,"column":14},"end":{"line":11,"column":16}}]}},"s":{"0":2,"1":3,"2":3},"f":{"0":3},"b":{"0":[1],"1":[2]}}
,"C:\\Wk_Directory\\SIMAUD_CFG_PROJECT_FRONTEND\\project\\src\\components\\common\\ProtectedRoute.tsx": {"path":"C:\\Wk_Directory\\SIMAUD_CFG_PROJECT_FRONTEND\\project\\src\\components\\common\\ProtectedRoute.tsx","statementMap":{"0":{"start":{"line":12,"column":26},"end":{"line":20,"column":1}},"1":{"start":{"line":13,"column":20},"end":{"line":13,"column":66}},"2":{"start":{"line":14,"column":2},"end":{"line":17,"column":3}},"3":{"start":{"line":15,"column":4},"end":{"line":15,"column":15}},"4":{"start":{"line":16,"column":4},"end":{"line":16,"column":11}},"5":{"start":{"line":19,"column":2},"end":{"line":19,"column":27}},"6":{"start":{"line":22,"column":61},"end":{"line":62,"column":1}},"7":{"start":{"line":26,"column":63},"end":{"line":26,"column":72}},"8":{"start":{"line":28,"column":2},"end":{"line":34,"column":3}},"9":{"start":{"line":29,"column":4},"end":{"line":33,"column":6}},"10":{"start":{"line":36,"column":2},"end":{"line":38,"column":3}},"11":{"start":{"line":37,"column":4},"end":{"line":37,"column":16}},"12":{"start":{"line":40,"column":2},"end":{"line":59,"column":3}},"13":{"start":{"line":41,"column":4},"end":{"line":58,"column":6}},"14":{"start":{"line":61,"column":2},"end":{"line":61,"column":25}}},"fnMap":{"0":{"name":"(anonymous_0)","decl":{"start":{"line":12,"column":26},"end":{"line":12,"column":35}},"loc":{"start":{"line":12,"column":37},"end":{"line":20,"column":1}}},"1":{"name":"(anonymous_1)","decl":{"start":{"line":22,"column":61},"end":{"line":22,"column":62}},"loc":{"start":{"line":25,"column":5},"end":{"line":62,"column":1}}}},"branchMap":{"0":{"loc":{"start":{"line":14,"column":2},"end":{"line":17,"column":3}},"type":"if","locations":[{"start":{"line":14,"column":2},"end":{"line":17,"column":3}},{"start":{},"end":{}}]},"1":{"loc":{"start":{"line":28,"column":2},"end":{"line":34,"column":3}},"type":"if","locations":[{"start":{"line":28,"column":2},"end":{"line":34,"column":3}},{"start":{},"end":{}}]},"2":{"loc":{"start":{"line":28,"column":6},"end":{"line":28,"column":33}},"type":"binary-expr","locations":[{"start":{"line":28,"column":6},"end":{"line":28,"column":15}},{"start":{"line":28,"column":19},"end":{"line":28,"column":33}}]},"3":{"loc":{"start":{"line":36,"column":2},"end":{"line":38,"column":3}},"type":"if","locations":[{"start":{"line":36,"column":2},"end":{"line":38,"column":3}},{"start":{},"end":{}}]},"4":{"loc":{"start":{"line":36,"column":6},"end":{"line":36,"column":31}},"type":"binary-expr","locations":[{"start":{"line":36,"column":6},"end":{"line":36,"column":22}},{"start":{"line":36,"column":26},"end":{"line":36,"column":31}}]},"5":{"loc":{"start":{"line":40,"column":2},"end":{"line":59,"column":3}},"type":"if","locations":[{"start":{"line":40,"column":2},"end":{"line":59,"column":3}},{"start":{},"end":{}}]},"6":{"loc":{"start":{"line":40,"column":6},"end":{"line":40,"column":48}},"type":"binary-expr","locations":[{"start":{"line":40,"column":6},"end":{"line":40,"column":18}},{"start":{"line":40,"column":22},"end":{"line":40,"column":48}}]}},"s":{"0":1,"1":1,"2":1,"3":1,"4":1,"5":0,"6":1,"7":5,"8":5,"9":1,"10":4,"11":1,"12":3,"13":2,"14":1},"f":{"0":1,"1":5},"b":{"0":[1,0],"1":[1,4],"2":[5,4],"3":[1,3],"4":[4,3],"5":[2,1],"6":[3,3]}}
,"C:\\Wk_Directory\\SIMAUD_CFG_PROJECT_FRONTEND\\project\\src\\contexts\\AuthContext.tsx": {"path":"C:\\Wk_Directory\\SIMAUD_CFG_PROJECT_FRONTEND\\project\\src\\contexts\\AuthContext.tsx","statementMap":{"0":{"start":{"line":21,"column":20},"end":{"line":21,"column":73}},"1":{"start":{"line":39,"column":20},"end":{"line":83,"column":1}},"2":{"start":{"line":40,"column":2},"end":{"line":82,"column":3}},"3":{"start":{"line":42,"column":6},"end":{"line":47,"column":8}},"4":{"start":{"line":49,"column":6},"end":{"line":56,"column":8}},"5":{"start":{"line":58,"column":6},"end":{"line":65,"column":8}},"6":{"start":{"line":67,"column":6},"end":{"line":71,"column":8}},"7":{"start":{"line":73,"column":6},"end":{"line":79,"column":8}},"8":{"start":{"line":81,"column":6},"end":{"line":81,"column":19}},"9":{"start":{"line":85,"column":40},"end":{"line":91,"column":2}},"10":{"start":{"line":93,"column":63},"end":{"line":426,"column":1}},"11":{"start":{"line":94,"column":28},"end":{"line":94,"column":65}},"12":{"start":{"line":95,"column":46},"end":{"line":95,"column":66}},"13":{"start":{"line":97,"column":33},"end":{"line":110,"column":3}},"14":{"start":{"line":98,"column":21},"end":{"line":98,"column":49}},"15":{"start":{"line":100,"column":4},"end":{"line":109,"column":6}},"16":{"start":{"line":112,"column":29},"end":{"line":141,"column":3}},"17":{"start":{"line":113,"column":4},"end":{"line":113,"column":28}},"18":{"start":{"line":114,"column":41},"end":{"line":114,"column":70}},"19":{"start":{"line":115,"column":4},"end":{"line":118,"column":5}},"20":{"start":{"line":116,"column":6},"end":{"line":116,"column":31}},"21":{"start":{"line":117,"column":6},"end":{"line":117,"column":13}},"22":{"start":{"line":120,"column":4},"end":{"line":140,"column":5}},"23":{"start":{"line":121,"column":32},"end":{"line":125,"column":17}},"24":{"start":{"line":127,"column":6},"end":{"line":136,"column":7}},"25":{"start":{"line":128,"column":34},"end":{"line":128,"column":66}},"26":{"start":{"line":129,"column":8},"end":{"line":129,"column":40}},"27":{"start":{"line":130,"column":8},"end":{"line":130,"column":40}},"28":{"start":{"line":131,"column":8},"end":{"line":131,"column":42}},"29":{"start":{"line":132,"column":8},"end":{"line":132,"column":44}},"30":{"start":{"line":134,"column":8},"end":{"line":134,"column":66}},"31":{"start":{"line":135,"column":8},"end":{"line":135,"column":33}},"32":{"start":{"line":138,"column":6},"end":{"line":138,"column":56}},"33":{"start":{"line":139,"column":6},"end":{"line":139,"column":31}},"34":{"start":{"line":143,"column":29},"end":{"line":171,"column":3}},"35":{"start":{"line":144,"column":4},"end":{"line":144,"column":28}},"36":{"start":{"line":145,"column":4},"end":{"line":167,"column":5}},"37":{"start":{"line":146,"column":32},"end":{"line":150,"column":17}},"38":{"start":{"line":152,"column":6},"end":{"line":164,"column":7}},"39":{"start":{"line":153,"column":8},"end":{"line":153,"column":33}},"40":{"start":{"line":154,"column":8},"end":{"line":163,"column":10}},"41":{"start":{"line":166,"column":6},"end":{"line":166,"column":55}},"42":{"start":{"line":169,"column":4},"end":{"line":169,"column":29}},"43":{"start":{"line":170,"column":4},"end":{"line":170,"column":44}},"44":{"start":{"line":173,"column":2},"end":{"line":244,"column":9}},"45":{"start":{"line":174,"column":20},"end":{"line":174,"column":24}},"46":{"start":{"line":175,"column":25},"end":{"line":175,"column":29}},"47":{"start":{"line":177,"column":27},"end":{"line":212,"column":5}},"48":{"start":{"line":178,"column":6},"end":{"line":178,"column":29}},"49":{"start":{"line":178,"column":22},"end":{"line":178,"column":29}},"50":{"start":{"line":180,"column":6},"end":{"line":209,"column":7}},"51":{"start":{"line":181,"column":38},"end":{"line":181,"column":70}},"52":{"start":{"line":183,"column":8},"end":{"line":203,"column":9}},"53":{"start":{"line":184,"column":28},"end":{"line":184,"column":64}},"54":{"start":{"line":185,"column":31},"end":{"line":185,"column":45}},"55":{"start":{"line":187,"column":10},"end":{"line":197,"column":13}},"56":{"start":{"line":188,"column":12},"end":{"line":188,"column":35}},"57":{"start":{"line":188,"column":28},"end":{"line":188,"column":35}},"58":{"start":{"line":189,"column":12},"end":{"line":193,"column":13}},"59":{"start":{"line":190,"column":14},"end":{"line":190,"column":69}},"60":{"start":{"line":192,"column":14},"end":{"line":192,"column":70}},"61":{"start":{"line":195,"column":12},"end":{"line":195,"column":35}},"62":{"start":{"line":195,"column":28},"end":{"line":195,"column":35}},"63":{"start":{"line":196,"column":12},"end":{"line":196,"column":68}},"64":{"start":{"line":200,"column":10},"end":{"line":200,"column":33}},"65":{"start":{"line":200,"column":26},"end":{"line":200,"column":33}},"66":{"start":{"line":201,"column":10},"end":{"line":201,"column":39}},"67":{"start":{"line":202,"column":10},"end":{"line":202,"column":35}},"68":{"start":{"line":205,"column":8},"end":{"line":205,"column":57}},"69":{"start":{"line":206,"column":8},"end":{"line":206,"column":31}},"70":{"start":{"line":206,"column":24},"end":{"line":206,"column":31}},"71":{"start":{"line":207,"column":8},"end":{"line":207,"column":37}},"72":{"start":{"line":208,"column":8},"end":{"line":208,"column":33}},"73":{"start":{"line":211,"column":6},"end":{"line":211,"column":29}},"74":{"start":{"line":215,"column":4},"end":{"line":217,"column":5}},"75":{"start":{"line":216,"column":6},"end":{"line":216,"column":23}},"76":{"start":{"line":219,"column":39},"end":{"line":237,"column":null}},"77":{"start":{"line":221,"column":8},"end":{"line":221,"column":49}},"78":{"start":{"line":221,"column":42},"end":{"line":221,"column":49}},"79":{"start":{"line":223,"column":8},"end":{"line":236,"column":9}},"80":{"start":{"line":224,"column":10},"end":{"line":227,"column":13}},"81":{"start":{"line":225,"column":12},"end":{"line":225,"column":35}},"82":{"start":{"line":225,"column":28},"end":{"line":225,"column":35}},"83":{"start":{"line":226,"column":12},"end":{"line":226,"column":67}},"84":{"start":{"line":228,"column":15},"end":{"line":236,"column":9}},"85":{"start":{"line":229,"column":10},"end":{"line":229,"column":33}},"86":{"start":{"line":229,"column":26},"end":{"line":229,"column":33}},"87":{"start":{"line":230,"column":10},"end":{"line":230,"column":39}},"88":{"start":{"line":231,"column":10},"end":{"line":231,"column":35}},"89":{"start":{"line":232,"column":15},"end":{"line":236,"column":9}},"90":{"start":{"line":233,"column":10},"end":{"line":235,"column":11}},"91":{"start":{"line":234,"column":12},"end":{"line":234,"column":33}},"92":{"start":{"line":240,"column":4},"end":{"line":243,"column":6}},"93":{"start":{"line":241,"column":6},"end":{"line":241,"column":24}},"94":{"start":{"line":242,"column":6},"end":{"line":242,"column":33}},"95":{"start":{"line":246,"column":16},"end":{"line":277,"column":3}},"96":{"start":{"line":247,"column":4},"end":{"line":276,"column":5}},"97":{"start":{"line":248,"column":30},"end":{"line":251,"column":8}},"98":{"start":{"line":253,"column":6},"end":{"line":258,"column":7}},"99":{"start":{"line":254,"column":8},"end":{"line":257,"column":10}},"100":{"start":{"line":260,"column":6},"end":{"line":268,"column":7}},"101":{"start":{"line":261,"column":8},"end":{"line":261,"column":33}},"102":{"start":{"line":262,"column":13},"end":{"line":268,"column":7}},"103":{"start":{"line":263,"column":8},"end":{"line":263,"column":38}},"104":{"start":{"line":264,"column":8},"end":{"line":267,"column":10}},"105":{"start":{"line":270,"column":6},"end":{"line":270,"column":76}},"106":{"start":{"line":272,"column":6},"end":{"line":275,"column":8}},"107":{"start":{"line":279,"column":19},"end":{"line":319,"column":3}},"108":{"start":{"line":280,"column":4},"end":{"line":318,"column":5}},"109":{"start":{"line":281,"column":6},"end":{"line":281,"column":36}},"110":{"start":{"line":283,"column":51},"end":{"line":295,"column":8}},"111":{"start":{"line":297,"column":6},"end":{"line":303,"column":7}},"112":{"start":{"line":298,"column":8},"end":{"line":298,"column":37}},"113":{"start":{"line":299,"column":8},"end":{"line":302,"column":10}},"114":{"start":{"line":305,"column":6},"end":{"line":308,"column":7}},"115":{"start":{"line":306,"column":8},"end":{"line":306,"column":91}},"116":{"start":{"line":307,"column":8},"end":{"line":307,"column":33}},"117":{"start":{"line":310,"column":6},"end":{"line":310,"column":35}},"118":{"start":{"line":311,"column":6},"end":{"line":311,"column":79}},"119":{"start":{"line":313,"column":6},"end":{"line":313,"column":35}},"120":{"start":{"line":314,"column":6},"end":{"line":317,"column":8}},"121":{"start":{"line":321,"column":29},"end":{"line":343,"column":3}},"122":{"start":{"line":322,"column":4},"end":{"line":324,"column":5}},"123":{"start":{"line":323,"column":6},"end":{"line":323,"column":81}},"124":{"start":{"line":326,"column":4},"end":{"line":342,"column":5}},"125":{"start":{"line":327,"column":24},"end":{"line":333,"column":8}},"126":{"start":{"line":335,"column":6},"end":{"line":337,"column":7}},"127":{"start":{"line":336,"column":8},"end":{"line":336,"column":69}},"128":{"start":{"line":339,"column":6},"end":{"line":339,"column":31}},"129":{"start":{"line":341,"column":6},"end":{"line":341,"column":85}},"130":{"start":{"line":345,"column":17},"end":{"line":372,"column":3}},"131":{"start":{"line":346,"column":4},"end":{"line":371,"column":5}},"132":{"start":{"line":348,"column":6},"end":{"line":348,"column":55}},"133":{"start":{"line":351,"column":6},"end":{"line":351,"column":45}},"134":{"start":{"line":352,"column":6},"end":{"line":352,"column":47}},"135":{"start":{"line":356,"column":6},"end":{"line":356,"column":77}},"136":{"start":{"line":357,"column":6},"end":{"line":357,"column":45}},"137":{"start":{"line":358,"column":6},"end":{"line":358,"column":47}},"138":{"start":{"line":361,"column":6},"end":{"line":361,"column":35}},"139":{"start":{"line":362,"column":6},"end":{"line":362,"column":31}},"140":{"start":{"line":364,"column":24},"end":{"line":364,"column":77}},"141":{"start":{"line":365,"column":6},"end":{"line":370,"column":7}},"142":{"start":{"line":366,"column":8},"end":{"line":366,"column":26}},"143":{"start":{"line":369,"column":8},"end":{"line":369,"column":39}},"144":{"start":{"line":374,"column":35},"end":{"line":376,"column":3}},"145":{"start":{"line":375,"column":4},"end":{"line":375,"column":53}},"146":{"start":{"line":378,"column":30},"end":{"line":410,"column":3}},"147":{"start":{"line":379,"column":4},"end":{"line":381,"column":5}},"148":{"start":{"line":380,"column":6},"end":{"line":380,"column":124}},"149":{"start":{"line":383,"column":4},"end":{"line":409,"column":5}},"150":{"start":{"line":385,"column":8},"end":{"line":385,"column":79}},"151":{"start":{"line":387,"column":8},"end":{"line":387,"column":137}},"152":{"start":{"line":389,"column":8},"end":{"line":389,"column":108}},"153":{"start":{"line":391,"column":8},"end":{"line":391,"column":65}},"154":{"start":{"line":393,"column":8},"end":{"line":393,"column":74}},"155":{"start":{"line":395,"column":8},"end":{"line":395,"column":44}},"156":{"start":{"line":397,"column":8},"end":{"line":397,"column":80}},"157":{"start":{"line":399,"column":8},"end":{"line":399,"column":85}},"158":{"start":{"line":401,"column":8},"end":{"line":401,"column":88}},"159":{"start":{"line":403,"column":8},"end":{"line":403,"column":93}},"160":{"start":{"line":405,"column":8},"end":{"line":405,"column":52}},"161":{"start":{"line":407,"column":8},"end":{"line":407,"column":75}},"162":{"start":{"line":408,"column":8},"end":{"line":408,"column":72}},"163":{"start":{"line":412,"column":2},"end":{"line":425,"column":4}},"164":{"start":{"line":428,"column":23},"end":{"line":434,"column":1}},"165":{"start":{"line":429,"column":18},"end":{"line":429,"column":41}},"166":{"start":{"line":430,"column":2},"end":{"line":432,"column":3}},"167":{"start":{"line":431,"column":4},"end":{"line":431,"column":67}},"168":{"start":{"line":433,"column":2},"end":{"line":433,"column":17}}},"fnMap":{"0":{"name":"(anonymous_0)","decl":{"start":{"line":39,"column":20},"end":{"line":39,"column":21}},"loc":{"start":{"line":39,"column":88},"end":{"line":83,"column":1}}},"1":{"name":"(anonymous_1)","decl":{"start":{"line":93,"column":63},"end":{"line":93,"column":64}},"loc":{"start":{"line":93,"column":80},"end":{"line":426,"column":1}}},"2":{"name":"(anonymous_2)","decl":{"start":{"line":97,"column":33},"end":{"line":97,"column":34}},"loc":{"start":{"line":97,"column":57},"end":{"line":110,"column":3}}},"3":{"name":"(anonymous_3)","decl":{"start":{"line":112,"column":29},"end":{"line":112,"column":34}},"loc":{"start":{"line":112,"column":55},"end":{"line":141,"column":3}}},"4":{"name":"(anonymous_4)","decl":{"start":{"line":143,"column":29},"end":{"line":143,"column":34}},"loc":{"start":{"line":143,"column":68},"end":{"line":171,"column":3}}},"5":{"name":"(anonymous_5)","decl":{"start":{"line":173,"column":12},"end":{"line":173,"column":15}},"loc":{"start":{"line":173,"column":17},"end":{"line":244,"column":3}}},"6":{"name":"(anonymous_6)","decl":{"start":{"line":177,"column":27},"end":{"line":177,"column":32}},"loc":{"start":{"line":177,"column":38},"end":{"line":212,"column":5}}},"7":{"name":"(anonymous_7)","decl":{"start":{"line":187,"column":48},"end":{"line":187,"column":56}},"loc":{"start":{"line":187,"column":59},"end":{"line":194,"column":11}}},"8":{"name":"(anonymous_8)","decl":{"start":{"line":194,"column":19},"end":{"line":194,"column":22}},"loc":{"start":{"line":194,"column":24},"end":{"line":197,"column":11}}},"9":{"name":"(anonymous_9)","decl":{"start":{"line":220,"column":6},"end":{"line":220,"column":11}},"loc":{"start":{"line":220,"column":31},"end":{"line":237,"column":7}}},"10":{"name":"(anonymous_10)","decl":{"start":{"line":224,"column":48},"end":{"line":224,"column":56}},"loc":{"start":{"line":224,"column":59},"end":{"line":227,"column":11}}},"11":{"name":"(anonymous_11)","decl":{"start":{"line":240,"column":11},"end":{"line":240,"column":14}},"loc":{"start":{"line":240,"column":16},"end":{"line":243,"column":5}}},"12":{"name":"(anonymous_12)","decl":{"start":{"line":246,"column":16},"end":{"line":246,"column":21}},"loc":{"start":{"line":246,"column":103},"end":{"line":277,"column":3}}},"13":{"name":"(anonymous_13)","decl":{"start":{"line":279,"column":19},"end":{"line":279,"column":24}},"loc":{"start":{"line":279,"column":95},"end":{"line":319,"column":3}}},"14":{"name":"(anonymous_14)","decl":{"start":{"line":321,"column":29},"end":{"line":321,"column":34}},"loc":{"start":{"line":321,"column":87},"end":{"line":343,"column":3}}},"15":{"name":"(anonymous_15)","decl":{"start":{"line":345,"column":17},"end":{"line":345,"column":22}},"loc":{"start":{"line":345,"column":43},"end":{"line":372,"column":3}}},"16":{"name":"(anonymous_16)","decl":{"start":{"line":374,"column":35},"end":{"line":374,"column":44}},"loc":{"start":{"line":374,"column":46},"end":{"line":376,"column":3}}},"17":{"name":"(anonymous_17)","decl":{"start":{"line":378,"column":30},"end":{"line":378,"column":31}},"loc":{"start":{"line":378,"column":59},"end":{"line":410,"column":3}}},"18":{"name":"(anonymous_18)","decl":{"start":{"line":428,"column":23},"end":{"line":428,"column":26}},"loc":{"start":{"line":428,"column":28},"end":{"line":434,"column":1}}}},"branchMap":{"0":{"loc":{"start":{"line":40,"column":2},"end":{"line":82,"column":3}},"type":"switch","locations":[{"start":{"line":41,"column":4},"end":{"line":47,"column":8}},{"start":{"line":48,"column":4},"end":{"line":56,"column":8}},{"start":{"line":57,"column":4},"end":{"line":65,"column":8}},{"start":{"line":66,"column":4},"end":{"line":71,"column":8}},{"start":{"line":72,"column":4},"end":{"line":79,"column":8}},{"start":{"line":80,"column":4},"end":{"line":81,"column":19}}]},"1":{"loc":{"start":{"line":98,"column":21},"end":{"line":98,"column":49}},"type":"binary-expr","locations":[{"start":{"line":98,"column":21},"end":{"line":98,"column":43}},{"start":{"line":98,"column":47},"end":{"line":98,"column":49}}]},"2":{"loc":{"start":{"line":103,"column":12},"end":{"line":103,"column":57}},"type":"binary-expr","locations":[{"start":{"line":103,"column":12},"end":{"line":103,"column":25}},{"start":{"line":103,"column":29},"end":{"line":103,"column":57}}]},"3":{"loc":{"start":{"line":104,"column":13},"end":{"line":104,"column":33}},"type":"binary-expr","locations":[{"start":{"line":104,"column":13},"end":{"line":104,"column":27}},{"start":{"line":104,"column":31},"end":{"line":104,"column":33}}]},"4":{"loc":{"start":{"line":105,"column":14},"end":{"line":105,"column":35}},"type":"binary-expr","locations":[{"start":{"line":105,"column":14},"end":{"line":105,"column":29}},{"start":{"line":105,"column":33},"end":{"line":105,"column":35}}]},"5":{"loc":{"start":{"line":106,"column":13},"end":{"line":106,"column":36}},"type":"binary-expr","locations":[{"start":{"line":106,"column":13},"end":{"line":106,"column":26}},{"start":{"line":106,"column":30},"end":{"line":106,"column":36}}]},"6":{"loc":{"start":{"line":115,"column":4},"end":{"line":118,"column":5}},"type":"if","locations":[{"start":{"line":115,"column":4},"end":{"line":118,"column":5}},{"start":{},"end":{}}]},"7":{"loc":{"start":{"line":127,"column":6},"end":{"line":136,"column":7}},"type":"if","locations":[{"start":{"line":127,"column":6},"end":{"line":136,"column":7}},{"start":{},"end":{}}]},"8":{"loc":{"start":{"line":152,"column":6},"end":{"line":164,"column":7}},"type":"if","locations":[{"start":{"line":152,"column":6},"end":{"line":164,"column":7}},{"start":{},"end":{}}]},"9":{"loc":{"start":{"line":178,"column":6},"end":{"line":178,"column":29}},"type":"if","locations":[{"start":{"line":178,"column":6},"end":{"line":178,"column":29}},{"start":{},"end":{}}]},"10":{"loc":{"start":{"line":183,"column":8},"end":{"line":203,"column":9}},"type":"if","locations":[{"start":{"line":183,"column":8},"end":{"line":203,"column":9}},{"start":{"line":199,"column":15},"end":{"line":203,"column":9}}]},"11":{"loc":{"start":{"line":183,"column":12},"end":{"line":183,"column":60}},"type":"binary-expr","locations":[{"start":{"line":183,"column":12},"end":{"line":183,"column":25}},{"start":{"line":183,"column":29},"end":{"line":183,"column":60}}]},"12":{"loc":{"start":{"line":188,"column":12},"end":{"line":188,"column":35}},"type":"if","locations":[{"start":{"line":188,"column":12},"end":{"line":188,"column":35}},{"start":{},"end":{}}]},"13":{"loc":{"start":{"line":189,"column":12},"end":{"line":193,"column":13}},"type":"if","locations":[{"start":{"line":189,"column":12},"end":{"line":193,"column":13}},{"start":{"line":191,"column":19},"end":{"line":193,"column":13}}]},"14":{"loc":{"start":{"line":195,"column":12},"end":{"line":195,"column":35}},"type":"if","locations":[{"start":{"line":195,"column":12},"end":{"line":195,"column":35}},{"start":{},"end":{}}]},"15":{"loc":{"start":{"line":200,"column":10},"end":{"line":200,"column":33}},"type":"if","locations":[{"start":{"line":200,"column":10},"end":{"line":200,"column":33}},{"start":{},"end":{}}]},"16":{"loc":{"start":{"line":206,"column":8},"end":{"line":206,"column":31}},"type":"if","locations":[{"start":{"line":206,"column":8},"end":{"line":206,"column":31}},{"start":{},"end":{}}]},"17":{"loc":{"start":{"line":215,"column":4},"end":{"line":217,"column":5}},"type":"if","locations":[{"start":{"line":215,"column":4},"end":{"line":217,"column":5}},{"start":{},"end":{}}]},"18":{"loc":{"start":{"line":221,"column":8},"end":{"line":221,"column":49}},"type":"if","locations":[{"start":{"line":221,"column":8},"end":{"line":221,"column":49}},{"start":{},"end":{}}]},"19":{"loc":{"start":{"line":221,"column":12},"end":{"line":221,"column":40}},"type":"binary-expr","locations":[{"start":{"line":221,"column":12},"end":{"line":221,"column":26}},{"start":{"line":221,"column":30},"end":{"line":221,"column":40}}]},"20":{"loc":{"start":{"line":223,"column":8},"end":{"line":236,"column":9}},"type":"if","locations":[{"start":{"line":223,"column":8},"end":{"line":236,"column":9}},{"start":{"line":228,"column":15},"end":{"line":236,"column":9}}]},"21":{"loc":{"start":{"line":223,"column":12},"end":{"line":223,"column":85}},"type":"binary-expr","locations":[{"start":{"line":223,"column":12},"end":{"line":223,"column":33}},{"start":{"line":223,"column":37},"end":{"line":223,"column":50}},{"start":{"line":223,"column":54},"end":{"line":223,"column":85}}]},"22":{"loc":{"start":{"line":225,"column":12},"end":{"line":225,"column":35}},"type":"if","locations":[{"start":{"line":225,"column":12},"end":{"line":225,"column":35}},{"start":{},"end":{}}]},"23":{"loc":{"start":{"line":228,"column":15},"end":{"line":236,"column":9}},"type":"if","locations":[{"start":{"line":228,"column":15},"end":{"line":236,"column":9}},{"start":{"line":232,"column":15},"end":{"line":236,"column":9}}]},"24":{"loc":{"start":{"line":229,"column":10},"end":{"line":229,"column":33}},"type":"if","locations":[{"start":{"line":229,"column":10},"end":{"line":229,"column":33}},{"start":{},"end":{}}]},"25":{"loc":{"start":{"line":232,"column":15},"end":{"line":236,"column":9}},"type":"if","locations":[{"start":{"line":232,"column":15},"end":{"line":236,"column":9}},{"start":{},"end":{}}]},"26":{"loc":{"start":{"line":232,"column":19},"end":{"line":232,"column":63}},"type":"binary-expr","locations":[{"start":{"line":232,"column":19},"end":{"line":232,"column":46}},{"start":{"line":232,"column":50},"end":{"line":232,"column":63}}]},"27":{"loc":{"start":{"line":233,"column":10},"end":{"line":235,"column":11}},"type":"if","locations":[{"start":{"line":233,"column":10},"end":{"line":235,"column":11}},{"start":{},"end":{}}]},"28":{"loc":{"start":{"line":233,"column":14},"end":{"line":233,"column":48}},"type":"binary-expr","locations":[{"start":{"line":233,"column":14},"end":{"line":233,"column":35}},{"start":{"line":233,"column":39},"end":{"line":233,"column":48}}]},"29":{"loc":{"start":{"line":253,"column":6},"end":{"line":258,"column":7}},"type":"if","locations":[{"start":{"line":253,"column":6},"end":{"line":258,"column":7}},{"start":{},"end":{}}]},"30":{"loc":{"start":{"line":260,"column":6},"end":{"line":268,"column":7}},"type":"if","locations":[{"start":{"line":260,"column":6},"end":{"line":268,"column":7}},{"start":{"line":262,"column":13},"end":{"line":268,"column":7}}]},"31":{"loc":{"start":{"line":260,"column":10},"end":{"line":260,"column":51}},"type":"binary-expr","locations":[{"start":{"line":260,"column":10},"end":{"line":260,"column":19}},{"start":{"line":260,"column":23},"end":{"line":260,"column":51}}]},"32":{"loc":{"start":{"line":262,"column":13},"end":{"line":268,"column":7}},"type":"if","locations":[{"start":{"line":262,"column":13},"end":{"line":268,"column":7}},{"start":{},"end":{}}]},"33":{"loc":{"start":{"line":262,"column":17},"end":{"line":262,"column":59}},"type":"binary-expr","locations":[{"start":{"line":262,"column":17},"end":{"line":262,"column":26}},{"start":{"line":262,"column":30},"end":{"line":262,"column":59}}]},"34":{"loc":{"start":{"line":297,"column":6},"end":{"line":303,"column":7}},"type":"if","locations":[{"start":{"line":297,"column":6},"end":{"line":303,"column":7}},{"start":{},"end":{}}]},"35":{"loc":{"start":{"line":305,"column":6},"end":{"line":308,"column":7}},"type":"if","locations":[{"start":{"line":305,"column":6},"end":{"line":308,"column":7}},{"start":{},"end":{}}]},"36":{"loc":{"start":{"line":316,"column":15},"end":{"line":316,"column":70}},"type":"binary-expr","locations":[{"start":{"line":316,"column":15},"end":{"line":316,"column":28}},{"start":{"line":316,"column":32},"end":{"line":316,"column":70}}]},"37":{"loc":{"start":{"line":322,"column":4},"end":{"line":324,"column":5}},"type":"if","locations":[{"start":{"line":322,"column":4},"end":{"line":324,"column":5}},{"start":{},"end":{}}]},"38":{"loc":{"start":{"line":335,"column":6},"end":{"line":337,"column":7}},"type":"if","locations":[{"start":{"line":335,"column":6},"end":{"line":337,"column":7}},{"start":{},"end":{}}]},"39":{"loc":{"start":{"line":365,"column":6},"end":{"line":370,"column":7}},"type":"if","locations":[{"start":{"line":365,"column":6},"end":{"line":370,"column":7}},{"start":{"line":367,"column":13},"end":{"line":370,"column":7}}]},"40":{"loc":{"start":{"line":379,"column":4},"end":{"line":381,"column":5}},"type":"if","locations":[{"start":{"line":379,"column":4},"end":{"line":381,"column":5}},{"start":{},"end":{}}]},"41":{"loc":{"start":{"line":383,"column":4},"end":{"line":409,"column":5}},"type":"switch","locations":[{"start":{"line":384,"column":6},"end":{"line":385,"column":79}},{"start":{"line":386,"column":6},"end":{"line":387,"column":137}},{"start":{"line":388,"column":6},"end":{"line":389,"column":108}},{"start":{"line":390,"column":6},"end":{"line":391,"column":65}},{"start":{"line":392,"column":6},"end":{"line":393,"column":74}},{"start":{"line":394,"column":6},"end":{"line":395,"column":44}},{"start":{"line":396,"column":6},"end":{"line":397,"column":80}},{"start":{"line":398,"column":6},"end":{"line":399,"column":85}},{"start":{"line":400,"column":6},"end":{"line":401,"column":88}},{"start":{"line":402,"column":6},"end":{"line":403,"column":93}},{"start":{"line":404,"column":6},"end":{"line":405,"column":52}},{"start":{"line":406,"column":6},"end":{"line":408,"column":72}}]},"42":{"loc":{"start":{"line":430,"column":2},"end":{"line":432,"column":3}},"type":"if","locations":[{"start":{"line":430,"column":2},"end":{"line":432,"column":3}},{"start":{},"end":{}}]}},"s":{"0":1,"1":1,"2":45,"3":8,"4":4,"5":5,"6":1,"7":27,"8":0,"9":1,"10":1,"11":60,"12":60,"13":60,"14":2,"15":2,"16":60,"17":2,"18":2,"19":2,"20":1,"21":1,"22":1,"23":1,"24":1,"25":1,"26":1,"27":1,"28":1,"29":1,"30":1,"31":1,"32":0,"33":0,"34":60,"35":3,"36":3,"37":3,"38":3,"39":3,"40":3,"41":0,"42":0,"43":0,"44":60,"45":22,"46":22,"47":22,"48":22,"49":0,"50":22,"51":22,"52":22,"53":1,"54":1,"55":1,"56":1,"57":0,"58":1,"59":0,"60":1,"61":0,"62":0,"63":0,"64":21,"65":0,"66":21,"67":21,"68":0,"69":0,"70":0,"71":0,"72":0,"73":22,"74":22,"75":22,"76":22,"77":3,"78":0,"79":3,"80":2,"81":2,"82":0,"83":2,"84":1,"85":1,"86":0,"87":1,"88":1,"89":0,"90":0,"91":0,"92":22,"93":22,"94":22,"95":60,"96":5,"97":5,"98":4,"99":2,"100":2,"101":1,"102":1,"103":1,"104":1,"105":0,"106":1,"107":60,"108":8,"109":8,"110":8,"111":7,"112":1,"113":1,"114":6,"115":5,"116":5,"117":1,"118":1,"119":1,"120":1,"121":60,"122":4,"123":1,"124":3,"125":3,"126":2,"127":1,"128":1,"129":1,"130":60,"131":2,"132":2,"133":1,"134":1,"135":1,"136":1,"137":1,"138":2,"139":2,"140":2,"141":2,"142":2,"143":0,"144":60,"145":1,"146":60,"147":4,"148":0,"149":4,"150":1,"151":0,"152":0,"153":0,"154":1,"155":0,"156":1,"157":0,"158":0,"159":0,"160":0,"161":1,"162":1,"163":60,"164":1,"165":59,"166":59,"167":0,"168":59},"f":{"0":45,"1":60,"2":2,"3":2,"4":3,"5":22,"6":22,"7":1,"8":0,"9":3,"10":2,"11":22,"12":5,"13":8,"14":4,"15":2,"16":1,"17":4,"18":59},"b":{"0":[8,4,5,1,27,0],"1":[2,0],"2":[2,0],"3":[2,0],"4":[2,0],"5":[2,0],"6":[1,1],"7":[1,0],"8":[3,0],"9":[0,22],"10":[1,21],"11":[22,2],"12":[0,1],"13":[0,1],"14":[0,0],"15":[0,21],"16":[0,0],"17":[22,0],"18":[0,3],"19":[3,3],"20":[2,1],"21":[3,2,2],"22":[0,2],"23":[1,0],"24":[0,1],"25":[0,0],"26":[0,0],"27":[0,0],"28":[0,0],"29":[2,2],"30":[1,1],"31":[2,2],"32":[1,0],"33":[1,1],"34":[1,6],"35":[5,1],"36":[1,0],"37":[1,3],"38":[1,1],"39":[2,0],"40":[0,4],"41":[1,0,0,0,1,0,1,0,0,0,0,1],"42":[0,59]}}
,"C:\\Wk_Directory\\SIMAUD_CFG_PROJECT_FRONTEND\\project\\src\\lib\\supabase.ts": {"path":"C:\\Wk_Directory\\SIMAUD_CFG_PROJECT_FRONTEND\\project\\src\\lib\\supabase.ts","statementMap":{"0":{"start":{"line":5,"column":27},"end":{"line":20,"column":1}},"1":{"start":{"line":6,"column":20},"end":{"line":6,"column":92}},"2":{"start":{"line":7,"column":2},"end":{"line":9,"column":3}},"3":{"start":{"line":8,"column":4},"end":{"line":8,"column":20}},"4":{"start":{"line":11,"column":2},"end":{"line":17,"column":3}},"5":{"start":{"line":12,"column":4},"end":{"line":14,"column":5}},"6":{"start":{"line":13,"column":6},"end":{"line":13,"column":55}},"7":{"start":{"line":19,"column":2},"end":{"line":19,"column":82}},"8":{"start":{"line":22,"column":12},"end":{"line":22,"column":32}},"9":{"start":{"line":24,"column":20},"end":{"line":24,"column":41}},"10":{"start":{"line":25,"column":20},"end":{"line":25,"column":46}},"11":{"start":{"line":26,"column":0},"end":{"line":31,"column":1}},"12":{"start":{"line":27,"column":2},"end":{"line":27,"column":70}},"13":{"start":{"line":28,"column":2},"end":{"line":28,"column":71}},"14":{"start":{"line":29,"column":2},"end":{"line":29,"column":76}},"15":{"start":{"line":30,"column":2},"end":{"line":30,"column":90}},"16":{"start":{"line":33,"column":24},"end":{"line":40,"column":2}}},"fnMap":{"0":{"name":"(anonymous_0)","decl":{"start":{"line":5,"column":27},"end":{"line":5,"column":49}},"loc":{"start":{"line":5,"column":51},"end":{"line":20,"column":1}}}},"branchMap":{"0":{"loc":{"start":{"line":7,"column":2},"end":{"line":9,"column":3}},"type":"if","locations":[{"start":{"line":7,"column":2},"end":{"line":9,"column":3}},{"start":{},"end":{}}]},"1":{"loc":{"start":{"line":12,"column":4},"end":{"line":14,"column":5}},"type":"if","locations":[{"start":{"line":12,"column":4},"end":{"line":14,"column":5}},{"start":{},"end":{}}]},"2":{"loc":{"start":{"line":12,"column":8},"end":{"line":12,"column":61}},"type":"binary-expr","locations":[{"start":{"line":12,"column":8},"end":{"line":12,"column":42}},{"start":{"line":12,"column":46},"end":{"line":12,"column":61}}]},"3":{"loc":{"start":{"line":19,"column":10},"end":{"line":19,"column":59}},"type":"cond-expr","locations":[{"start":{"line":19,"column":43},"end":{"line":19,"column":54}},{"start":{"line":19,"column":57},"end":{"line":19,"column":59}}]},"4":{"loc":{"start":{"line":26,"column":0},"end":{"line":31,"column":1}},"type":"if","locations":[{"start":{"line":26,"column":0},"end":{"line":31,"column":1}},{"start":{},"end":{}}]},"5":{"loc":{"start":{"line":26,"column":4},"end":{"line":26,"column":32}},"type":"binary-expr","locations":[{"start":{"line":26,"column":4},"end":{"line":26,"column":16}},{"start":{"line":26,"column":20},"end":{"line":26,"column":32}}]},"6":{"loc":{"start":{"line":28,"column":38},"end":{"line":28,"column":69}},"type":"cond-expr","locations":[{"start":{"line":28,"column":52},"end":{"line":28,"column":57}},{"start":{"line":28,"column":60},"end":{"line":28,"column":69}}]},"7":{"loc":{"start":{"line":29,"column":43},"end":{"line":29,"column":74}},"type":"cond-expr","locations":[{"start":{"line":29,"column":57},"end":{"line":29,"column":62}},{"start":{"line":29,"column":65},"end":{"line":29,"column":74}}]}},"s":{"0":4,"1":4,"2":4,"3":2,"4":2,"5":2,"6":0,"7":2,"8":4,"9":4,"10":4,"11":4,"12":1,"13":1,"14":1,"15":1,"16":3},"f":{"0":4},"b":{"0":[2,2],"1":[0,2],"2":[2,2],"3":[2,0],"4":[1,3],"5":[4,3],"6":[0,1],"7":[0,1]}}
}
