TN:
SF:src\components\common\LoadingSpinner.tsx
FN:9,(anonymous_0)
FNF:1
FNH:1
FNDA:3,(anonymous_0)
DA:9,2
DA:13,3
DA:19,3
LF:3
LH:3
BRDA:10,0,0,1
BRDA:11,1,0,2
BRF:2
BRH:2
end_of_record
TN:
SF:src\components\common\ProtectedRoute.tsx
FN:12,(anonymous_0)
FN:22,(anonymous_1)
FNF:2
FNH:2
FNDA:1,(anonymous_0)
FNDA:5,(anonymous_1)
DA:12,1
DA:13,1
DA:14,1
DA:15,1
DA:16,1
DA:19,0
DA:22,1
DA:26,5
DA:28,5
DA:29,1
DA:36,4
DA:37,1
DA:40,3
DA:41,2
DA:61,1
LF:15
LH:14
BRDA:14,0,0,1
BRDA:14,0,1,0
BRDA:28,1,0,1
BRDA:28,1,1,4
BRDA:28,2,0,5
BRDA:28,2,1,4
BRDA:36,3,0,1
BRDA:36,3,1,3
BRDA:36,4,0,4
BRDA:36,4,1,3
BRDA:40,5,0,2
BRDA:40,5,1,1
BRDA:40,6,0,3
BRDA:40,6,1,3
BRF:14
BRH:13
end_of_record
TN:
SF:src\contexts\AuthContext.tsx
FN:39,(anonymous_0)
FN:93,(anonymous_1)
FN:97,(anonymous_2)
FN:112,(anonymous_3)
FN:143,(anonymous_4)
FN:173,(anonymous_5)
FN:177,(anonymous_6)
FN:187,(anonymous_7)
FN:194,(anonymous_8)
FN:220,(anonymous_9)
FN:224,(anonymous_10)
FN:240,(anonymous_11)
FN:246,(anonymous_12)
FN:279,(anonymous_13)
FN:321,(anonymous_14)
FN:345,(anonymous_15)
FN:374,(anonymous_16)
FN:378,(anonymous_17)
FN:428,(anonymous_18)
FNF:19
FNH:18
FNDA:45,(anonymous_0)
FNDA:60,(anonymous_1)
FNDA:2,(anonymous_2)
FNDA:2,(anonymous_3)
FNDA:3,(anonymous_4)
FNDA:22,(anonymous_5)
FNDA:22,(anonymous_6)
FNDA:1,(anonymous_7)
FNDA:0,(anonymous_8)
FNDA:3,(anonymous_9)
FNDA:2,(anonymous_10)
FNDA:22,(anonymous_11)
FNDA:5,(anonymous_12)
FNDA:8,(anonymous_13)
FNDA:4,(anonymous_14)
FNDA:2,(anonymous_15)
FNDA:1,(anonymous_16)
FNDA:4,(anonymous_17)
FNDA:59,(anonymous_18)
DA:21,1
DA:39,1
DA:40,45
DA:42,8
DA:49,4
DA:58,5
DA:67,1
DA:73,27
DA:81,0
DA:85,1
DA:93,1
DA:94,60
DA:95,60
DA:97,60
DA:98,2
DA:100,2
DA:112,60
DA:113,2
DA:114,2
DA:115,2
DA:116,1
DA:117,1
DA:120,1
DA:121,1
DA:127,1
DA:128,1
DA:129,1
DA:130,1
DA:131,1
DA:132,1
DA:134,1
DA:135,1
DA:138,0
DA:139,0
DA:143,60
DA:144,3
DA:145,3
DA:146,3
DA:152,3
DA:153,3
DA:154,3
DA:166,0
DA:169,0
DA:170,0
DA:173,60
DA:174,22
DA:175,22
DA:177,22
DA:178,22
DA:180,22
DA:181,22
DA:183,22
DA:184,1
DA:185,1
DA:187,1
DA:188,1
DA:189,1
DA:190,0
DA:192,1
DA:195,0
DA:196,0
DA:200,21
DA:201,21
DA:202,21
DA:205,0
DA:206,0
DA:207,0
DA:208,0
DA:211,22
DA:215,22
DA:216,22
DA:219,22
DA:221,3
DA:223,3
DA:224,2
DA:225,2
DA:226,2
DA:228,1
DA:229,1
DA:230,1
DA:231,1
DA:232,0
DA:233,0
DA:234,0
DA:240,22
DA:241,22
DA:242,22
DA:246,60
DA:247,5
DA:248,5
DA:253,4
DA:254,2
DA:260,2
DA:261,1
DA:262,1
DA:263,1
DA:264,1
DA:270,0
DA:272,1
DA:279,60
DA:280,8
DA:281,8
DA:283,8
DA:297,7
DA:298,1
DA:299,1
DA:305,6
DA:306,5
DA:307,5
DA:310,1
DA:311,1
DA:313,1
DA:314,1
DA:321,60
DA:322,4
DA:323,1
DA:326,3
DA:327,3
DA:335,2
DA:336,1
DA:339,1
DA:341,1
DA:345,60
DA:346,2
DA:348,2
DA:351,1
DA:352,1
DA:356,1
DA:357,1
DA:358,1
DA:361,2
DA:362,2
DA:364,2
DA:365,2
DA:366,2
DA:369,0
DA:374,60
DA:375,1
DA:378,60
DA:379,4
DA:380,0
DA:383,4
DA:385,1
DA:387,0
DA:389,0
DA:391,0
DA:393,1
DA:395,0
DA:397,1
DA:399,0
DA:401,0
DA:403,0
DA:405,0
DA:407,1
DA:408,1
DA:412,60
DA:428,1
DA:429,59
DA:430,59
DA:431,0
DA:433,59
LF:161
LH:133
BRDA:40,0,0,8
BRDA:40,0,1,4
BRDA:40,0,2,5
BRDA:40,0,3,1
BRDA:40,0,4,27
BRDA:40,0,5,0
BRDA:98,1,0,2
BRDA:98,1,1,0
BRDA:103,2,0,2
BRDA:103,2,1,0
BRDA:104,3,0,2
BRDA:104,3,1,0
BRDA:105,4,0,2
BRDA:105,4,1,0
BRDA:106,5,0,2
BRDA:106,5,1,0
BRDA:115,6,0,1
BRDA:115,6,1,1
BRDA:127,7,0,1
BRDA:127,7,1,0
BRDA:152,8,0,3
BRDA:152,8,1,0
BRDA:178,9,0,0
BRDA:178,9,1,22
BRDA:183,10,0,1
BRDA:183,10,1,21
BRDA:183,11,0,22
BRDA:183,11,1,2
BRDA:188,12,0,0
BRDA:188,12,1,1
BRDA:189,13,0,0
BRDA:189,13,1,1
BRDA:195,14,0,0
BRDA:195,14,1,0
BRDA:200,15,0,0
BRDA:200,15,1,21
BRDA:206,16,0,0
BRDA:206,16,1,0
BRDA:215,17,0,22
BRDA:215,17,1,0
BRDA:221,18,0,0
BRDA:221,18,1,3
BRDA:221,19,0,3
BRDA:221,19,1,3
BRDA:223,20,0,2
BRDA:223,20,1,1
BRDA:223,21,0,3
BRDA:223,21,1,2
BRDA:223,21,2,2
BRDA:225,22,0,0
BRDA:225,22,1,2
BRDA:228,23,0,1
BRDA:228,23,1,0
BRDA:229,24,0,0
BRDA:229,24,1,1
BRDA:232,25,0,0
BRDA:232,25,1,0
BRDA:232,26,0,0
BRDA:232,26,1,0
BRDA:233,27,0,0
BRDA:233,27,1,0
BRDA:233,28,0,0
BRDA:233,28,1,0
BRDA:253,29,0,2
BRDA:253,29,1,2
BRDA:260,30,0,1
BRDA:260,30,1,1
BRDA:260,31,0,2
BRDA:260,31,1,2
BRDA:262,32,0,1
BRDA:262,32,1,0
BRDA:262,33,0,1
BRDA:262,33,1,1
BRDA:297,34,0,1
BRDA:297,34,1,6
BRDA:305,35,0,5
BRDA:305,35,1,1
BRDA:316,36,0,1
BRDA:316,36,1,0
BRDA:322,37,0,1
BRDA:322,37,1,3
BRDA:335,38,0,1
BRDA:335,38,1,1
BRDA:365,39,0,2
BRDA:365,39,1,0
BRDA:379,40,0,0
BRDA:379,40,1,4
BRDA:383,41,0,1
BRDA:383,41,1,0
BRDA:383,41,2,0
BRDA:383,41,3,0
BRDA:383,41,4,1
BRDA:383,41,5,0
BRDA:383,41,6,1
BRDA:383,41,7,0
BRDA:383,41,8,0
BRDA:383,41,9,0
BRDA:383,41,10,0
BRDA:383,41,11,1
BRDA:430,42,0,0
BRDA:430,42,1,59
BRF:101
BRH:59
end_of_record
TN:
SF:src\lib\supabase.ts
FN:5,(anonymous_0)
FNF:1
FNH:1
FNDA:4,(anonymous_0)
DA:5,4
DA:6,4
DA:7,4
DA:8,2
DA:11,2
DA:12,2
DA:13,0
DA:19,2
DA:22,4
DA:24,4
DA:25,4
DA:26,4
DA:27,1
DA:28,1
DA:29,1
DA:30,1
DA:33,3
LF:17
LH:16
BRDA:7,0,0,2
BRDA:7,0,1,2
BRDA:12,1,0,0
BRDA:12,1,1,2
BRDA:12,2,0,2
BRDA:12,2,1,2
BRDA:19,3,0,2
BRDA:19,3,1,0
BRDA:26,4,0,1
BRDA:26,4,1,3
BRDA:26,5,0,4
BRDA:26,5,1,3
BRDA:28,6,0,0
BRDA:28,6,1,1
BRDA:29,7,0,0
BRDA:29,7,1,1
BRF:16
BRH:12
end_of_record
